<?xml version="1.0" encoding="UTF-8"?>
<testsuite xmlns:xsi="http://www.w3.org/2001/XMLSchema-instance" xsi:noNamespaceSchemaLocation="https://maven.apache.org/surefire/maven-surefire-plugin/xsd/surefire-test-report-3.0.xsd" version="3.0" name="BlackJackTests" time="1.482" tests="4" errors="0" skipped="0" failures="0">
  <properties>
[...]
</properties>
  <testcase name="testHandlePlayAgain" classname="BlackJackTests" time="0.729">
    <system-out><![CDATA[BUILD DECK: 
[A-C, 2-C, 3-C, 4-C, 5-C, 6-C, 7-C, 8-C, 9-C, 10-C, J-C, Q-C, K-C, A-D, 2-D, 3-D, 4-D, 5-D, 6-D, 7-D, 8-D, 9-D, 10-D, J-D, Q-D, K-D, A-H, 2-H, 3-H, 4-H, 5-H, 6-H, 7-H, 8-H, 9-H, 10-H, J-H, Q-H, K-H, A-S, 2-S, 3-S, 4-S, 5-S, 6-S, 7-S, 8-S, 9-S, 10-S, J-S, Q-S, K-S]
SHUFFLED:
[3-S, K-S, K-C, 7-D, K-D, 5-D, 7-C, J-C, A-D, J-H, 4-D, Q-C, 10-D, 6-C, 5-C, A-C, Q-S, 10-S, K-H, 7-S, 9-D, 7-H, 2-C, J-D, 3-C, Q-H, 6-H, 2-H, 3-H, 6-S, 5-S, 2-S, 6-D, 8-H, 8-C, 9-C, 9-H, A-S, 10-H, 4-H, 5-H, Q-D, 4-S, 4-C, A-H, 9-S, 3-D, 10-C, J-S, 2-D, 8-D, 8-S]

____________PLAYER____________
HAND: [8-S]   VALUE: 8
   ACE COUNTER: 0

____________PLAYER____________
HAND: [8-S, 8-D]   VALUE: 16
   ACE COUNTER: 0

____________DEALER____________
HAND: [2-D]   VALUE: 2
   ACE COUNTER: 0    HIDDEN CARD: 2-D

____________DEALER____________
HAND: [2-D, J-S]   VALUE: 12
   ACE COUNTER: 0    HIDDEN CARD: 2-D

____________PLAYER____________
HAND: [8-S, 8-D, 10-C]   VALUE: 26
   ACE COUNTER: 0

____________DEALER____________
HAND: [2-D, J-S, 3-D]   VALUE: 15
   ACE COUNTER: 0    HIDDEN CARD: 2-D

____________DEALER____________
HAND: [2-D, J-S, 3-D, 9-S]   VALUE: 24
   ACE COUNTER: 0    HIDDEN CARD: 2-D

____________PLAYER____________
HAND: [8-S, 8-D, 10-C, A-H]   VALUE: 27
   ACE COUNTER: 0
BUILD DECK: 
[A-C, 2-C, 3-C, 4-C, 5-C, 6-C, 7-C, 8-C, 9-C, 10-C, J-C, Q-C, K-C, A-D, 2-D, 3-D, 4-D, 5-D, 6-D, 7-D, 8-D, 9-D, 10-D, J-D, Q-D, K-D, A-H, 2-H, 3-H, 4-H, 5-H, 6-H, 7-H, 8-H, 9-H, 10-H, J-H, Q-H, K-H, A-S, 2-S, 3-S, 4-S, 5-S, 6-S, 7-S, 8-S, 9-S, 10-S, J-S, Q-S, K-S]
SHUFFLED:
[9-H, 2-C, K-S, A-S, K-C, 10-D, 3-S, 7-S, 10-S, 3-C, Q-C, A-D, 4-H, A-H, 3-H, 7-D, J-C, 7-H, K-H, 9-S, 10-H, 5-C, 2-S, 6-H, 5-D, 8-S, 6-S, Q-H, J-H, J-S, 5-S, K-D, A-C, Q-S, 9-D, J-D, 2-D, 4-S, 8-C, 3-D, 4-C, 8-H, 9-C, 4-D, 2-H, 5-H, 6-D, 8-D, 6-C, Q-D, 7-C, 10-C]

____________PLAYER____________
HAND: [10-C]   VALUE: 10
   ACE COUNTER: 0

____________PLAYER____________
HAND: [10-C, 7-C]   VALUE: 17
   ACE COUNTER: 0

____________DEALER____________
HAND: [Q-D]   VALUE: 10
   ACE COUNTER: 0    HIDDEN CARD: Q-D

____________DEALER____________
HAND: [Q-D, 6-C]   VALUE: 16
   ACE COUNTER: 0    HIDDEN CARD: Q-D
]]></system-out>
  </testcase>
  <testcase name="testInitialDeal" classname="BlackJackTests" time="0.32">
    <system-out><![CDATA[
____________DEALER____________
HAND: [Q-D, 6-C, 8-D]   VALUE: 24
   ACE COUNTER: 0    HIDDEN CARD: Q-D
BUILD DECK: 
[A-C, 2-C, 3-C, 4-C, 5-C, 6-C, 7-C, 8-C, 9-C, 10-C, J-C, Q-C, K-C, A-D, 2-D, 3-D, 4-D, 5-D, 6-D, 7-D, 8-D, 9-D, 10-D, J-D, Q-D, K-D, A-H, 2-H, 3-H, 4-H, 5-H, 6-H, 7-H, 8-H, 9-H, 10-H, J-H, Q-H, K-H, A-S, 2-S, 3-S, 4-S, 5-S, 6-S, 7-S, 8-S, 9-S, 10-S, J-S, Q-S, K-S]
SHUFFLED:
[A-D, 5-D, 2-H, 10-D, 7-D, 9-H, K-H, J-H, A-S, 8-S, Q-C, Q-S, 2-C, Q-D, 7-S, 5-H, 6-H, 6-C, 4-D, A-H, 10-H, 9-C, 7-H, 9-D, A-C, Q-H, 10-C, K-S, 10-S, 8-H, 3-D, 5-C, 6-D, 2-S, J-D, 3-S, 6-S, K-C, 4-H, 4-C, 8-C, 9-S, J-C, 5-S, 2-D, 3-H, 3-C, K-D, 7-C, 4-S, 8-D, J-S]

____________PLAYER____________
HAND: [J-S]   VALUE: 10
   ACE COUNTER: 0

____________PLAYER____________
HAND: [J-S, 8-D]   VALUE: 18
   ACE COUNTER: 0

____________DEALER____________
HAND: [4-S]   VALUE: 4
   ACE COUNTER: 0    HIDDEN CARD: 4-S

____________DEALER____________
HAND: [4-S, 7-C]   VALUE: 11
   ACE COUNTER: 0    HIDDEN CARD: 4-S
]]></system-out>
  </testcase>
  <testcase name="testHandleStay" classname="BlackJackTests" time="0.067">
    <system-out><![CDATA[BUILD DECK: 
[A-C, 2-C, 3-C, 4-C, 5-C, 6-C, 7-C, 8-C, 9-C, 10-C, J-C, Q-C, K-C, A-D, 2-D, 3-D, 4-D, 5-D, 6-D, 7-D, 8-D, 9-D, 10-D, J-D, Q-D, K-D, A-H, 2-H, 3-H, 4-H, 5-H, 6-H, 7-H, 8-H, 9-H, 10-H, J-H, Q-H, K-H, A-S, 2-S, 3-S, 4-S, 5-S, 6-S, 7-S, 8-S, 9-S, 10-S, J-S, Q-S, K-S]
SHUFFLED:
[10-S, 9-D, A-D, 4-S, A-C, K-D, 5-S, 7-S, 10-H, 9-S, K-C, 8-C, J-S, 4-C, 9-C, 5-H, 10-D, 6-C, 6-H, Q-D, K-H, 5-C, 2-S, 6-S, 2-C, 7-D, 3-D, K-S, 6-D, 4-H, 2-H, J-D, 5-D, 4-D, 7-H, 8-S, Q-H, J-H, 3-C, 7-C, 8-H, 3-H, A-H, 8-D, 3-S, 10-C, A-S, Q-C, J-C, Q-S, 2-D, 9-H]

____________PLAYER____________
HAND: [9-H]   VALUE: 9
   ACE COUNTER: 0

____________PLAYER____________
HAND: [9-H, 2-D]   VALUE: 11
   ACE COUNTER: 0

____________DEALER____________
HAND: [Q-S]   VALUE: 10
   ACE COUNTER: 0    HIDDEN CARD: Q-S

____________DEALER____________
HAND: [Q-S, J-C]   VALUE: 20
   ACE COUNTER: 0    HIDDEN CARD: Q-S

____________DEALER____________
HAND: [5-C]   VALUE: 5
   ACE COUNTER: 0    HIDDEN CARD: null

____________DEALER____________
HAND: [5-C, K-S]   VALUE: 15
   ACE COUNTER: 0    HIDDEN CARD: null

____________PLAYER____________
HAND: [A-D]   VALUE: 11
   ACE COUNTER: 1

____________PLAYER____________
HAND: [A-D, 10-H]   VALUE: 21
   ACE COUNTER: 1

____________PLAYER____________
HAND: [A-D, 10-H, 7-C]   VALUE: 18
   ACE COUNTER: 0

____________PLAYER____________
HAND: [A-D, 10-H, 7-C, K-S]   VALUE: 28
   ACE COUNTER: 0
]]></system-out>
  </testcase>
  <testcase name="testHandleHit" classname="BlackJackTests" time="0.284">
    <system-out><![CDATA[BUILD DECK: 
[A-C, 2-C, 3-C, 4-C, 5-C, 6-C, 7-C, 8-C, 9-C, 10-C, J-C, Q-C, K-C, A-D, 2-D, 3-D, 4-D, 5-D, 6-D, 7-D, 8-D, 9-D, 10-D, J-D, Q-D, K-D, A-H, 2-H, 3-H, 4-H, 5-H, 6-H, 7-H, 8-H, 9-H, 10-H, J-H, Q-H, K-H, A-S, 2-S, 3-S, 4-S, 5-S, 6-S, 7-S, 8-S, 9-S, 10-S, J-S, Q-S, K-S]
SHUFFLED:
[4-C, J-D, 10-S, 4-S, 8-D, K-S, 10-H, 2-D, 2-H, 8-S, 7-C, K-D, 6-D, 9-H, K-C, 7-S, 3-S, Q-D, 4-D, 6-S, 5-S, Q-S, 5-D, 3-C, 3-H, 10-C, 5-H, J-H, K-H, 8-C, 2-S, 3-D, A-C, J-C, A-H, Q-H, 7-D, J-S, 6-C, 9-D, 6-H, 5-C, 9-C, 4-H, 7-H, A-S, A-D, 10-D, Q-C, 2-C, 8-H, 9-S]

____________PLAYER____________
HAND: [9-S]   VALUE: 9
   ACE COUNTER: 0

____________PLAYER____________
HAND: [9-S, 8-H]   VALUE: 17
   ACE COUNTER: 0

____________DEALER____________
HAND: [2-C]   VALUE: 2
   ACE COUNTER: 0    HIDDEN CARD: 2-C

____________DEALER____________
HAND: [2-C, Q-C]   VALUE: 12
   ACE COUNTER: 0    HIDDEN CARD: 2-C

____________PLAYER____________
HAND: [9-S, 8-H, 10-D]   VALUE: 27
   ACE COUNTER: 0

____________DEALER____________
HAND: [2-C, Q-C, A-D]   VALUE: 13
   ACE COUNTER: 0    HIDDEN CARD: 2-C

____________DEALER____________
HAND: [2-C, Q-C, A-D, A-S]   VALUE: 14
   ACE COUNTER: 0    HIDDEN CARD: 2-C

____________DEALER____________
HAND: [2-C, Q-C, A-D, A-S, 7-H]   VALUE: 21
   ACE COUNTER: 0    HIDDEN CARD: 2-C

____________PLAYER____________
HAND: [9-S, 8-H, 10-D, 4-H]   VALUE: 31
   ACE COUNTER: 0
]]></system-out>
  </testcase>
</testsuite>