<?xml version="1.0" encoding="UTF-8"?>
<testsuite xmlns:xsi="http://www.w3.org/2001/XMLSchema-instance" xsi:noNamespaceSchemaLocation="https://maven.apache.org/surefire/maven-surefire-plugin/xsd/surefire-test-report-3.0.xsd" version="3.0" name="DeckTests" time="0.132" tests="4" errors="0" skipped="0" failures="0">
  <properties>
[...]
</properties>
  <testcase name="testGetCardFromDeck" classname="DeckTests" time="0.005">
    <system-out><![CDATA[BUILD DECK: 
[A-C, 2-C, 3-C, 4-C, 5-C, 6-C, 7-C, 8-C, 9-C, 10-C, J-C, Q-C, K-C, A-D, 2-D, 3-D, 4-D, 5-D, 6-D, 7-D, 8-D, 9-D, 10-D, J-D, Q-D, K-D, A-H, 2-H, 3-H, 4-H, 5-H, 6-H, 7-H, 8-H, 9-H, 10-H, J-H, Q-H, K-H, A-S, 2-S, 3-S, 4-S, 5-S, 6-S, 7-S, 8-S, 9-S, 10-S, J-S, Q-S, K-S]
SHUFFLED:
[5-H, 6-H, K-C, Q-S, 2-D, 4-D, A-D, Q-C, 6-D, J-S, 5-C, 8-S, A-S, 6-S, 2-H, 9-H, 2-S, 9-D, 5-D, 8-H, J-D, 10-C, 3-S, Q-H, 2-C, 10-D, 8-D, 8-C, 7-C, 9-S, 10-H, 7-D, 3-D, 3-H, 4-S, J-C, K-S, 6-C, 7-S, A-H, 3-C, J-H, A-C, 5-S, Q-D, 4-H, 10-S, K-H, K-D, 9-C, 7-H, 4-C]
]]></system-out>
  </testcase>
  <testcase name="testBuildDeck" classname="DeckTests" time="0.103">
    <system-out><![CDATA[BUILD DECK: 
[A-C, 2-C, 3-C, 4-C, 5-C, 6-C, 7-C, 8-C, 9-C, 10-C, J-C, Q-C, K-C, A-D, 2-D, 3-D, 4-D, 5-D, 6-D, 7-D, 8-D, 9-D, 10-D, J-D, Q-D, K-D, A-H, 2-H, 3-H, 4-H, 5-H, 6-H, 7-H, 8-H, 9-H, 10-H, J-H, Q-H, K-H, A-S, 2-S, 3-S, 4-S, 5-S, 6-S, 7-S, 8-S, 9-S, 10-S, J-S, Q-S, K-S]
SHUFFLED:
[4-D, 6-H, 10-C, A-S, 9-D, K-H, 5-D, 8-D, 4-C, 8-H, 2-S, 7-C, K-D, 7-S, 9-C, Q-S, 6-C, J-H, 9-S, 8-C, Q-D, 2-C, A-D, 10-S, 5-C, J-D, 5-H, 5-S, J-C, Q-C, 7-H, 2-H, 4-H, 3-D, 4-S, 10-H, 9-H, 6-S, 6-D, 3-S, K-C, A-C, J-S, K-S, 3-C, Q-H, 2-D, A-H, 10-D, 8-S, 3-H, 7-D]
BUILD DECK: 
[A-C, 2-C, 3-C, 4-C, 5-C, 6-C, 7-C, 8-C, 9-C, 10-C, J-C, Q-C, K-C, A-D, 2-D, 3-D, 4-D, 5-D, 6-D, 7-D, 8-D, 9-D, 10-D, J-D, Q-D, K-D, A-H, 2-H, 3-H, 4-H, 5-H, 6-H, 7-H, 8-H, 9-H, 10-H, J-H, Q-H, K-H, A-S, 2-S, 3-S, 4-S, 5-S, 6-S, 7-S, 8-S, 9-S, 10-S, J-S, Q-S, K-S]
SHUFFLED:
[6-C, A-C, 7-S, 10-D, 5-H, 7-H, 6-H, 4-H, 4-D, K-H, 7-C, Q-D, 8-D, 7-D, 3-C, 10-S, 3-H, J-H, 9-C, 2-D, 4-C, 5-C, Q-S, 2-C, J-D, 6-S, K-S, 9-H, 3-S, 5-D, J-C, 2-S, A-H, Q-C, K-C, 8-S, A-D, 6-D, K-D, 9-D, 8-H, 3-D, 10-H, 4-S, 5-S, 10-C, 9-S, A-S, 2-H, 8-C, Q-H, J-S]
DECK CARD: 6-C
TARGET Card: 10-C
52
DECK CARD: A-C
TARGET Card: 10-C
52
DECK CARD: 7-S
TARGET Card: 10-C
52
DECK CARD: 10-D
TARGET Card: 10-C
52
DECK CARD: 5-H
TARGET Card: 10-C
52
DECK CARD: 7-H
TARGET Card: 10-C
52
DECK CARD: 6-H
TARGET Card: 10-C
52
DECK CARD: 4-H
TARGET Card: 10-C
52
DECK CARD: 4-D
TARGET Card: 10-C
52
DECK CARD: K-H
TARGET Card: 10-C
52
DECK CARD: 7-C
TARGET Card: 10-C
52
DECK CARD: Q-D
TARGET Card: 10-C
52
DECK CARD: 8-D
TARGET Card: 10-C
52
DECK CARD: 7-D
TARGET Card: 10-C
52
DECK CARD: 3-C
TARGET Card: 10-C
52
DECK CARD: 10-S
TARGET Card: 10-C
52
DECK CARD: 3-H
TARGET Card: 10-C
52
DECK CARD: J-H
TARGET Card: 10-C
52
DECK CARD: 9-C
TARGET Card: 10-C
52
DECK CARD: 2-D
TARGET Card: 10-C
52
DECK CARD: 4-C
TARGET Card: 10-C
52
DECK CARD: 5-C
TARGET Card: 10-C
52
DECK CARD: Q-S
TARGET Card: 10-C
52
DECK CARD: 2-C
TARGET Card: 10-C
52
DECK CARD: J-D
TARGET Card: 10-C
52
DECK CARD: 6-S
TARGET Card: 10-C
52
DECK CARD: K-S
TARGET Card: 10-C
52
DECK CARD: 9-H
TARGET Card: 10-C
52
DECK CARD: 3-S
TARGET Card: 10-C
52
DECK CARD: 5-D
TARGET Card: 10-C
52
DECK CARD: J-C
TARGET Card: 10-C
52
DECK CARD: 2-S
TARGET Card: 10-C
52
DECK CARD: A-H
TARGET Card: 10-C
52
DECK CARD: Q-C
TARGET Card: 10-C
52
DECK CARD: K-C
TARGET Card: 10-C
52
DECK CARD: 8-S
TARGET Card: 10-C
52
DECK CARD: A-D
TARGET Card: 10-C
52
DECK CARD: 6-D
TARGET Card: 10-C
52
DECK CARD: K-D
TARGET Card: 10-C
52
DECK CARD: 9-D
TARGET Card: 10-C
52
DECK CARD: 8-H
TARGET Card: 10-C
52
DECK CARD: 3-D
TARGET Card: 10-C
52
DECK CARD: 10-H
TARGET Card: 10-C
52
DECK CARD: 4-S
TARGET Card: 10-C
52
DECK CARD: 5-S
TARGET Card: 10-C
52
DECK CARD: 10-C
TARGET Card: 10-C
52
DECK CARD: 6-C
TARGET Card: A-H
52
DECK CARD: A-C
TARGET Card: A-H
52
DECK CARD: 7-S
TARGET Card: A-H
52
DECK CARD: 10-D
TARGET Card: A-H
52
DECK CARD: 5-H
TARGET Card: A-H
52
DECK CARD: 7-H
TARGET Card: A-H
52
DECK CARD: 6-H
TARGET Card: A-H
52
DECK CARD: 4-H
TARGET Card: A-H
52
DECK CARD: 4-D
TARGET Card: A-H
52
DECK CARD: K-H
TARGET Card: A-H
52
DECK CARD: 7-C
TARGET Card: A-H
52
DECK CARD: Q-D
TARGET Card: A-H
52
DECK CARD: 8-D
TARGET Card: A-H
52
DECK CARD: 7-D
TARGET Card: A-H
52
DECK CARD: 3-C
TARGET Card: A-H
52
DECK CARD: 10-S
TARGET Card: A-H
52
DECK CARD: 3-H
TARGET Card: A-H
52
DECK CARD: J-H
TARGET Card: A-H
52
DECK CARD: 9-C
TARGET Card: A-H
52
DECK CARD: 2-D
TARGET Card: A-H
52
DECK CARD: 4-C
TARGET Card: A-H
52
DECK CARD: 5-C
TARGET Card: A-H
52
DECK CARD: Q-S
TARGET Card: A-H
52
DECK CARD: 2-C
TARGET Card: A-H
52
DECK CARD: J-D
TARGET Card: A-H
52
DECK CARD: 6-S
TARGET Card: A-H
52
DECK CARD: K-S
TARGET Card: A-H
52
DECK CARD: 9-H
TARGET Card: A-H
52
DECK CARD: 3-S
TARGET Card: A-H
52
DECK CARD: 5-D
TARGET Card: A-H
52
DECK CARD: J-C
TARGET Card: A-H
52
DECK CARD: 2-S
TARGET Card: A-H
52
DECK CARD: A-H
TARGET Card: A-H
52
]]></system-out>
  </testcase>
  <testcase name="testShuffle" classname="DeckTests" time="0.012">
    <system-out><![CDATA[BUILD DECK: 
[A-C, 2-C, 3-C, 4-C, 5-C, 6-C, 7-C, 8-C, 9-C, 10-C, J-C, Q-C, K-C, A-D, 2-D, 3-D, 4-D, 5-D, 6-D, 7-D, 8-D, 9-D, 10-D, J-D, Q-D, K-D, A-H, 2-H, 3-H, 4-H, 5-H, 6-H, 7-H, 8-H, 9-H, 10-H, J-H, Q-H, K-H, A-S, 2-S, 3-S, 4-S, 5-S, 6-S, 7-S, 8-S, 9-S, 10-S, J-S, Q-S, K-S]
SHUFFLED:
[4-H, 6-C, J-H, 4-C, 10-H, 8-H, 10-D, 5-D, 10-S, 9-D, 8-S, K-C, 6-D, 8-D, 8-C, 7-C, 10-C, J-C, A-D, Q-C, 2-H, 3-H, J-S, K-D, A-C, 5-H, K-H, 9-H, 3-S, Q-H, 7-S, A-S, J-D, 5-S, 7-H, 9-C, K-S, 4-S, Q-D, 2-D, 2-C, 9-S, 5-C, 6-H, 2-S, A-H, 4-D, 3-D, 6-S, Q-S, 7-D, 3-C]
BUILD DECK: 
[A-C, 2-C, 3-C, 4-C, 5-C, 6-C, 7-C, 8-C, 9-C, 10-C, J-C, Q-C, K-C, A-D, 2-D, 3-D, 4-D, 5-D, 6-D, 7-D, 8-D, 9-D, 10-D, J-D, Q-D, K-D, A-H, 2-H, 3-H, 4-H, 5-H, 6-H, 7-H, 8-H, 9-H, 10-H, J-H, Q-H, K-H, A-S, 2-S, 3-S, 4-S, 5-S, 6-S, 7-S, 8-S, 9-S, 10-S, J-S, Q-S, K-S]
SHUFFLED:
[9-D, 5-H, 8-D, 7-H, 8-C, 4-D, J-C, 10-S, A-D, 5-S, J-D, Q-C, 6-C, 8-S, 2-S, 3-D, 10-D, 9-S, 4-H, K-H, 8-H, 2-D, 4-S, 10-H, 7-D, A-S, 10-C, 3-S, 5-D, 2-H, A-C, Q-S, 6-H, A-H, 3-H, K-D, Q-H, 5-C, K-S, 9-C, 6-S, 9-H, 3-C, K-C, 4-C, 7-C, J-S, Q-D, 7-S, 6-D, 2-C, J-H]
BUILD DECK: 
[A-C, 2-C, 3-C, 4-C, 5-C, 6-C, 7-C, 8-C, 9-C, 10-C, J-C, Q-C, K-C, A-D, 2-D, 3-D, 4-D, 5-D, 6-D, 7-D, 8-D, 9-D, 10-D, J-D, Q-D, K-D, A-H, 2-H, 3-H, 4-H, 5-H, 6-H, 7-H, 8-H, 9-H, 10-H, J-H, Q-H, K-H, A-S, 2-S, 3-S, 4-S, 5-S, 6-S, 7-S, 8-S, 9-S, 10-S, J-S, Q-S, K-S]
SHUFFLED:
[Q-C, 5-D, 6-H, Q-H, 3-H, 10-C, Q-S, K-C, 4-S, 8-S, J-D, 9-H, K-H, 4-C, 7-D, 6-D, 10-D, 2-S, A-H, 7-S, 2-H, 5-H, J-C, 5-S, 3-S, 4-H, A-D, 7-H, 10-S, 9-D, 6-S, K-S, 3-D, 8-D, 9-C, 2-C, 6-C, 8-H, K-D, 8-C, J-H, J-S, A-C, 10-H, 9-S, Q-D, A-S, 4-D, 3-C, 7-C, 2-D, 5-C]
SHUFFLED:
[7-S, 3-H, Q-S, 2-H, 8-D, K-H, Q-D, 9-D, Q-H, J-S, 6-C, A-S, 10-D, 5-H, 4-H, 4-D, 3-S, 6-D, 3-D, 5-D, 4-C, 4-S, 3-C, 8-S, Q-C, A-C, K-D, 9-C, 7-C, 8-H, 7-H, 5-C, 10-S, 6-H, A-D, 8-C, K-C, 2-C, 9-S, J-C, K-S, 2-D, A-H, 9-H, 6-S, 10-C, J-H, 10-H, J-D, 2-S, 5-S, 7-D]
]]></system-out>
  </testcase>
  <testcase name="testDrawCard" classname="DeckTests" time="0.006">
    <system-out><![CDATA[BUILD DECK: 
[A-C, 2-C, 3-C, 4-C, 5-C, 6-C, 7-C, 8-C, 9-C, 10-C, J-C, Q-C, K-C, A-D, 2-D, 3-D, 4-D, 5-D, 6-D, 7-D, 8-D, 9-D, 10-D, J-D, Q-D, K-D, A-H, 2-H, 3-H, 4-H, 5-H, 6-H, 7-H, 8-H, 9-H, 10-H, J-H, Q-H, K-H, A-S, 2-S, 3-S, 4-S, 5-S, 6-S, 7-S, 8-S, 9-S, 10-S, J-S, Q-S, K-S]
SHUFFLED:
[Q-S, J-S, A-H, 9-C, 7-H, 4-H, 3-D, J-H, 9-D, 5-D, 9-H, Q-D, J-D, K-S, 6-C, 2-H, 6-D, K-D, 10-S, J-C, 8-D, A-D, 5-S, 10-C, 7-D, 4-D, 10-D, 3-S, A-C, 7-C, 5-H, 2-D, 10-H, 9-S, 3-C, 5-C, K-H, 6-S, 8-S, A-S, Q-C, 4-C, 8-C, 6-H, 2-S, Q-H, 4-S, K-C, 7-S, 3-H, 2-C, 8-H]
]]></system-out>
  </testcase>
</testsuite>