<?xml version="1.0" encoding="UTF-8"?>
<testsuite xmlns:xsi="http://www.w3.org/2001/XMLSchema-instance" xsi:noNamespaceSchemaLocation="https://maven.apache.org/surefire/maven-surefire-plugin/xsd/surefire-test-report-3.0.xsd" version="3.0" name="DealerTests" time="0.052" tests="4" errors="0" skipped="0" failures="0">
  <properties>
[...]
</properties>
  <testcase name="testAddToHandWithBustAndAceReduction" classname="DealerTests" time="0.026">
    <system-out><![CDATA[
____________DEALER____________
HAND: [A-C]   VALUE: 11
   ACE COUNTER: 1    HIDDEN CARD: null

____________DEALER____________
HAND: [A-C, Q-D]   VALUE: 21
   ACE COUNTER: 1    HIDDEN CARD: null

____________DEALER____________
HAND: [A-C, Q-D, 8-S]   VALUE: 19
   ACE COUNTER: 0    HIDDEN CARD: null
]]></system-out>
  </testcase>
  <testcase name="testAddToHandWithNonAceCard" classname="DealerTests" time="0.008">
    <system-out><![CDATA[
____________DEALER____________
HAND: [5-S]   VALUE: 5
   ACE COUNTER: 0    HIDDEN CARD: null
]]></system-out>
  </testcase>
  <testcase name="testAddToHandWithAceCard" classname="DealerTests" time="0.007">
    <system-out><![CDATA[
____________DEALER____________
HAND: [A-H]   VALUE: 11
   ACE COUNTER: 1    HIDDEN CARD: null
]]></system-out>
  </testcase>
  <testcase name="testSetHiddenCard" classname="DealerTests" time="0.0"/>
</testsuite>